<?xml version="1.0" encoding="UTF-8"?>
<coverage generated="1634353363585" clover="3.2.0">
  <project timestamp="1634353363586" name="All files">
    <metrics statements="88" coveredstatements="88" conditionals="26" coveredconditionals="26" methods="22" coveredmethods="22" elements="136" coveredelements="136" complexity="0" loc="88" ncloc="88" packages="1" files="1" classes="1"/>
    <file name="util.js" path="C:\work\tool\sakura\common\util.js">
      <metrics statements="88" coveredstatements="88" conditionals="26" coveredconditionals="26" methods="22" coveredmethods="22"/>
      <line num="1" count="1" type="stmt"/>
      <line num="2" count="1" type="stmt"/>
      <line num="3" count="1" type="stmt"/>
      <line num="5" count="1" type="stmt"/>
      <line num="6" count="35" type="stmt"/>
      <line num="7" count="34" type="stmt"/>
      <line num="8" count="34" type="stmt"/>
      <line num="10" count="1" type="stmt"/>
      <line num="11" count="19" type="stmt"/>
      <line num="12" count="18" type="stmt"/>
      <line num="13" count="18" type="stmt"/>
      <line num="16" count="1" type="stmt"/>
      <line num="17" count="32" type="stmt"/>
      <line num="18" count="32" type="stmt"/>
      <line num="19" count="32" type="stmt"/>
      <line num="20" count="84" type="stmt"/>
      <line num="21" count="84" type="stmt"/>
      <line num="22" count="84" type="stmt"/>
      <line num="24" count="32" type="stmt"/>
      <line num="27" count="1" type="stmt"/>
      <line num="28" count="42" type="cond" truecount="2" falsecount="0"/>
      <line num="29" count="1" type="stmt"/>
      <line num="31" count="41" type="stmt"/>
      <line num="33" count="1" type="stmt"/>
      <line num="34" count="41" type="cond" truecount="2" falsecount="0"/>
      <line num="35" count="1" type="stmt"/>
      <line num="37" count="40" type="stmt"/>
      <line num="40" count="1" type="stmt"/>
      <line num="41" count="89" type="cond" truecount="2" falsecount="0"/>
      <line num="42" count="4" type="stmt"/>
      <line num="44" count="85" type="stmt"/>
      <line num="46" count="1" type="stmt"/>
      <line num="47" count="5" type="cond" truecount="2" falsecount="0"/>
      <line num="48" count="1" type="stmt"/>
      <line num="51" count="4" type="cond" truecount="2" falsecount="0"/>
      <line num="53" count="1" type="stmt"/>
      <line num="54" count="36" type="stmt"/>
      <line num="55" count="36" type="stmt"/>
      <line num="56" count="36" type="stmt"/>
      <line num="57" count="36" type="cond" truecount="4" falsecount="0"/>
      <line num="58" count="32" type="cond" truecount="2" falsecount="0"/>
      <line num="59" count="20" type="stmt"/>
      <line num="61" count="32" type="cond" truecount="2" falsecount="0"/>
      <line num="62" count="12" type="stmt"/>
      <line num="65" count="4" type="cond" truecount="2" falsecount="0"/>
      <line num="67" count="36" type="stmt"/>
      <line num="68" count="36" type="stmt"/>
      <line num="70" count="1" type="stmt"/>
      <line num="71" count="53" type="stmt"/>
      <line num="72" count="53" type="stmt"/>
      <line num="73" count="53" type="stmt"/>
      <line num="75" count="57" type="stmt"/>
      <line num="77" count="53" type="stmt"/>
      <line num="80" count="1" type="stmt"/>
      <line num="81" count="9" type="stmt"/>
      <line num="82" count="10" type="stmt"/>
      <line num="85" count="1" type="stmt"/>
      <line num="86" count="25" type="stmt"/>
      <line num="87" count="26" type="stmt"/>
      <line num="90" count="1" type="stmt"/>
      <line num="91" count="5" type="stmt"/>
      <line num="92" count="5" type="cond" truecount="2" falsecount="0"/>
      <line num="93" count="1" type="stmt"/>
      <line num="94" count="4" type="cond" truecount="2" falsecount="0"/>
      <line num="95" count="1" type="stmt"/>
      <line num="97" count="3" type="stmt"/>
      <line num="98" count="3" type="stmt"/>
      <line num="103" count="1" type="stmt"/>
      <line num="104" count="7" type="stmt"/>
      <line num="105" count="8" type="stmt"/>
      <line num="108" count="1" type="stmt"/>
      <line num="109" count="7" type="stmt"/>
      <line num="110" count="8" type="stmt"/>
      <line num="114" count="1" type="stmt"/>
      <line num="115" count="2" type="stmt"/>
      <line num="116" count="2" type="stmt"/>
      <line num="117" count="2" type="stmt"/>
      <line num="118" count="2" type="stmt"/>
      <line num="119" count="2" type="stmt"/>
      <line num="120" count="2" type="stmt"/>
      <line num="121" count="2" type="stmt"/>
      <line num="124" count="1" type="stmt"/>
      <line num="125" count="4" type="cond" truecount="2" falsecount="0"/>
      <line num="126" count="3" type="stmt"/>
      <line num="128" count="1" type="stmt"/>
      <line num="129" count="1" type="stmt"/>
      <line num="130" count="1" type="stmt"/>
      <line num="131" count="1" type="stmt"/>
    </file>
  </project>
</coverage>
