{"C:\\work\\tool\\sakura\\common\\util.js": {"path":"C:\\work\\tool\\sakura\\common\\util.js","statementMap":{"0":{"start":{"line":1,"column":0},"end":{"line":134,"column":5}},"1":{"start":{"line":2,"column":21},"end":{"line":2,"column":25}},"2":{"start":{"line":3,"column":4},"end":{"line":3,"column":13}},"3":{"start":{"line":5,"column":4},"end":{"line":9,"column":5}},"4":{"start":{"line":6,"column":19},"end":{"line":6,"column":53}},"5":{"start":{"line":7,"column":19},"end":{"line":7,"column":50}},"6":{"start":{"line":8,"column":8},"end":{"line":8,"column":27}},"7":{"start":{"line":10,"column":4},"end":{"line":14,"column":5}},"8":{"start":{"line":11,"column":19},"end":{"line":11,"column":53}},"9":{"start":{"line":12,"column":19},"end":{"line":12,"column":50}},"10":{"start":{"line":13,"column":8},"end":{"line":13,"column":27}},"11":{"start":{"line":16,"column":19},"end":{"line":25,"column":5}},"12":{"start":{"line":17,"column":25},"end":{"line":17,"column":41}},"13":{"start":{"line":18,"column":24},"end":{"line":18,"column":26}},"14":{"start":{"line":19,"column":8},"end":{"line":23,"column":9}},"15":{"start":{"line":19,"column":21},"end":{"line":19,"column":22}},"16":{"start":{"line":20,"column":23},"end":{"line":20,"column":66}},"17":{"start":{"line":21,"column":24},"end":{"line":21,"column":88}},"18":{"start":{"line":22,"column":12},"end":{"line":22,"column":38}},"19":{"start":{"line":24,"column":8},"end":{"line":24,"column":25}},"20":{"start":{"line":27,"column":4},"end":{"line":32,"column":5}},"21":{"start":{"line":28,"column":8},"end":{"line":30,"column":9}},"22":{"start":{"line":29,"column":12},"end":{"line":29,"column":25}},"23":{"start":{"line":31,"column":8},"end":{"line":31,"column":39}},"24":{"start":{"line":33,"column":4},"end":{"line":38,"column":5}},"25":{"start":{"line":34,"column":8},"end":{"line":36,"column":9}},"26":{"start":{"line":35,"column":12},"end":{"line":35,"column":25}},"27":{"start":{"line":37,"column":8},"end":{"line":37,"column":39}},"28":{"start":{"line":40,"column":4},"end":{"line":45,"column":5}},"29":{"start":{"line":41,"column":8},"end":{"line":43,"column":9}},"30":{"start":{"line":42,"column":12},"end":{"line":42,"column":25}},"31":{"start":{"line":44,"column":8},"end":{"line":44,"column":20}},"32":{"start":{"line":46,"column":4},"end":{"line":52,"column":5}},"33":{"start":{"line":47,"column":8},"end":{"line":49,"column":9}},"34":{"start":{"line":48,"column":12},"end":{"line":48,"column":25}},"35":{"start":{"line":51,"column":8},"end":{"line":51,"column":68}},"36":{"start":{"line":53,"column":19},"end":{"line":69,"column":5}},"37":{"start":{"line":54,"column":20},"end":{"line":54,"column":26}},"38":{"start":{"line":55,"column":20},"end":{"line":55,"column":39}},"39":{"start":{"line":56,"column":20},"end":{"line":56,"column":39}},"40":{"start":{"line":57,"column":8},"end":{"line":66,"column":9}},"41":{"start":{"line":58,"column":12},"end":{"line":60,"column":13}},"42":{"start":{"line":59,"column":16},"end":{"line":59,"column":44}},"43":{"start":{"line":61,"column":12},"end":{"line":63,"column":13}},"44":{"start":{"line":62,"column":16},"end":{"line":62,"column":44}},"45":{"start":{"line":65,"column":12},"end":{"line":65,"column":75}},"46":{"start":{"line":67,"column":8},"end":{"line":67,"column":27}},"47":{"start":{"line":68,"column":8},"end":{"line":68,"column":20}},"48":{"start":{"line":70,"column":20},"end":{"line":78,"column":5}},"49":{"start":{"line":71,"column":19},"end":{"line":71,"column":42}},"50":{"start":{"line":72,"column":21},"end":{"line":72,"column":23}},"51":{"start":{"line":73,"column":8},"end":{"line":76,"column":9}},"52":{"start":{"line":73,"column":18},"end":{"line":73,"column":19}},"53":{"start":{"line":75,"column":12},"end":{"line":75,"column":43}},"54":{"start":{"line":77,"column":8},"end":{"line":77,"column":39}},"55":{"start":{"line":80,"column":4},"end":{"line":84,"column":5}},"56":{"start":{"line":81,"column":8},"end":{"line":83,"column":11}},"57":{"start":{"line":82,"column":12},"end":{"line":82,"column":49}},"58":{"start":{"line":85,"column":4},"end":{"line":89,"column":5}},"59":{"start":{"line":86,"column":8},"end":{"line":88,"column":11}},"60":{"start":{"line":87,"column":12},"end":{"line":87,"column":50}},"61":{"start":{"line":90,"column":4},"end":{"line":102,"column":5}},"62":{"start":{"line":91,"column":8},"end":{"line":100,"column":11}},"63":{"start":{"line":92,"column":12},"end":{"line":99,"column":13}},"64":{"start":{"line":93,"column":16},"end":{"line":93,"column":43}},"65":{"start":{"line":94,"column":18},"end":{"line":99,"column":13}},"66":{"start":{"line":95,"column":16},"end":{"line":95,"column":64}},"67":{"start":{"line":97,"column":29},"end":{"line":97,"column":100}},"68":{"start":{"line":98,"column":16},"end":{"line":98,"column":44}},"69":{"start":{"line":103,"column":4},"end":{"line":107,"column":5}},"70":{"start":{"line":104,"column":8},"end":{"line":106,"column":11}},"71":{"start":{"line":105,"column":12},"end":{"line":105,"column":47}},"72":{"start":{"line":108,"column":4},"end":{"line":112,"column":5}},"73":{"start":{"line":109,"column":8},"end":{"line":111,"column":11}},"74":{"start":{"line":110,"column":12},"end":{"line":110,"column":47}},"75":{"start":{"line":114,"column":4},"end":{"line":122,"column":5}},"76":{"start":{"line":115,"column":18},"end":{"line":115,"column":20}},"77":{"start":{"line":116,"column":8},"end":{"line":116,"column":39}},"78":{"start":{"line":117,"column":8},"end":{"line":117,"column":40}},"79":{"start":{"line":118,"column":8},"end":{"line":118,"column":39}},"80":{"start":{"line":119,"column":8},"end":{"line":119,"column":40}},"81":{"start":{"line":120,"column":8},"end":{"line":120,"column":40}},"82":{"start":{"line":121,"column":8},"end":{"line":121,"column":19}},"83":{"start":{"line":124,"column":4},"end":{"line":132,"column":5}},"84":{"start":{"line":125,"column":8},"end":{"line":127,"column":9}},"85":{"start":{"line":126,"column":12},"end":{"line":126,"column":24}},"86":{"start":{"line":128,"column":19},"end":{"line":128,"column":47}},"87":{"start":{"line":129,"column":8},"end":{"line":129,"column":19}},"88":{"start":{"line":130,"column":8},"end":{"line":130,"column":21}},"89":{"start":{"line":131,"column":8},"end":{"line":131,"column":32}}},"fnMap":{"0":{"name":"(anonymous_0)","decl":{"start":{"line":1,"column":1},"end":{"line":1,"column":2}},"loc":{"start":{"line":1,"column":11},"end":{"line":134,"column":1}},"line":1},"1":{"name":"(anonymous_1)","decl":{"start":{"line":5,"column":20},"end":{"line":5,"column":21}},"loc":{"start":{"line":5,"column":35},"end":{"line":9,"column":5}},"line":5},"2":{"name":"(anonymous_2)","decl":{"start":{"line":10,"column":20},"end":{"line":10,"column":21}},"loc":{"start":{"line":10,"column":35},"end":{"line":14,"column":5}},"line":10},"3":{"name":"(anonymous_3)","decl":{"start":{"line":16,"column":19},"end":{"line":16,"column":20}},"loc":{"start":{"line":16,"column":38},"end":{"line":25,"column":5}},"line":16},"4":{"name":"(anonymous_4)","decl":{"start":{"line":27,"column":19},"end":{"line":27,"column":20}},"loc":{"start":{"line":27,"column":34},"end":{"line":32,"column":5}},"line":27},"5":{"name":"(anonymous_5)","decl":{"start":{"line":33,"column":19},"end":{"line":33,"column":20}},"loc":{"start":{"line":33,"column":34},"end":{"line":38,"column":5}},"line":33},"6":{"name":"(anonymous_6)","decl":{"start":{"line":40,"column":19},"end":{"line":40,"column":20}},"loc":{"start":{"line":40,"column":34},"end":{"line":45,"column":5}},"line":40},"7":{"name":"(anonymous_7)","decl":{"start":{"line":46,"column":18},"end":{"line":46,"column":19}},"loc":{"start":{"line":46,"column":33},"end":{"line":52,"column":5}},"line":46},"8":{"name":"(anonymous_8)","decl":{"start":{"line":53,"column":19},"end":{"line":53,"column":20}},"loc":{"start":{"line":53,"column":40},"end":{"line":69,"column":5}},"line":53},"9":{"name":"(anonymous_9)","decl":{"start":{"line":70,"column":20},"end":{"line":70,"column":21}},"loc":{"start":{"line":70,"column":44},"end":{"line":78,"column":5}},"line":70},"10":{"name":"(anonymous_10)","decl":{"start":{"line":80,"column":17},"end":{"line":80,"column":18}},"loc":{"start":{"line":80,"column":32},"end":{"line":84,"column":5}},"line":80},"11":{"name":"(anonymous_11)","decl":{"start":{"line":81,"column":31},"end":{"line":81,"column":32}},"loc":{"start":{"line":81,"column":46},"end":{"line":83,"column":9}},"line":81},"12":{"name":"(anonymous_12)","decl":{"start":{"line":85,"column":18},"end":{"line":85,"column":19}},"loc":{"start":{"line":85,"column":33},"end":{"line":89,"column":5}},"line":85},"13":{"name":"(anonymous_13)","decl":{"start":{"line":86,"column":31},"end":{"line":86,"column":32}},"loc":{"start":{"line":86,"column":47},"end":{"line":88,"column":9}},"line":86},"14":{"name":"(anonymous_14)","decl":{"start":{"line":90,"column":17},"end":{"line":90,"column":18}},"loc":{"start":{"line":90,"column":32},"end":{"line":102,"column":5}},"line":90},"15":{"name":"(anonymous_15)","decl":{"start":{"line":91,"column":31},"end":{"line":91,"column":32}},"loc":{"start":{"line":91,"column":47},"end":{"line":100,"column":9}},"line":91},"16":{"name":"(anonymous_16)","decl":{"start":{"line":103,"column":18},"end":{"line":103,"column":19}},"loc":{"start":{"line":103,"column":33},"end":{"line":107,"column":5}},"line":103},"17":{"name":"(anonymous_17)","decl":{"start":{"line":104,"column":31},"end":{"line":104,"column":32}},"loc":{"start":{"line":104,"column":47},"end":{"line":106,"column":9}},"line":104},"18":{"name":"(anonymous_18)","decl":{"start":{"line":108,"column":18},"end":{"line":108,"column":19}},"loc":{"start":{"line":108,"column":33},"end":{"line":112,"column":5}},"line":108},"19":{"name":"(anonymous_19)","decl":{"start":{"line":109,"column":31},"end":{"line":109,"column":32}},"loc":{"start":{"line":109,"column":47},"end":{"line":111,"column":9}},"line":109},"20":{"name":"(anonymous_20)","decl":{"start":{"line":114,"column":25},"end":{"line":114,"column":26}},"loc":{"start":{"line":114,"column":40},"end":{"line":122,"column":5}},"line":114},"21":{"name":"(anonymous_21)","decl":{"start":{"line":124,"column":20},"end":{"line":124,"column":21}},"loc":{"start":{"line":124,"column":33},"end":{"line":132,"column":5}},"line":124}},"branchMap":{"0":{"loc":{"start":{"line":28,"column":8},"end":{"line":30,"column":9}},"type":"if","locations":[{"start":{"line":28,"column":8},"end":{"line":30,"column":9}},{"start":{"line":28,"column":8},"end":{"line":30,"column":9}}],"line":28},"1":{"loc":{"start":{"line":34,"column":8},"end":{"line":36,"column":9}},"type":"if","locations":[{"start":{"line":34,"column":8},"end":{"line":36,"column":9}},{"start":{"line":34,"column":8},"end":{"line":36,"column":9}}],"line":34},"2":{"loc":{"start":{"line":41,"column":8},"end":{"line":43,"column":9}},"type":"if","locations":[{"start":{"line":41,"column":8},"end":{"line":43,"column":9}},{"start":{"line":41,"column":8},"end":{"line":43,"column":9}}],"line":41},"3":{"loc":{"start":{"line":47,"column":8},"end":{"line":49,"column":9}},"type":"if","locations":[{"start":{"line":47,"column":8},"end":{"line":49,"column":9}},{"start":{"line":47,"column":8},"end":{"line":49,"column":9}}],"line":47},"4":{"loc":{"start":{"line":51,"column":15},"end":{"line":51,"column":67}},"type":"binary-expr","locations":[{"start":{"line":51,"column":15},"end":{"line":51,"column":44}},{"start":{"line":51,"column":48},"end":{"line":51,"column":67}}],"line":51},"5":{"loc":{"start":{"line":57,"column":8},"end":{"line":66,"column":9}},"type":"if","locations":[{"start":{"line":57,"column":8},"end":{"line":66,"column":9}},{"start":{"line":57,"column":8},"end":{"line":66,"column":9}}],"line":57},"6":{"loc":{"start":{"line":57,"column":11},"end":{"line":57,"column":25}},"type":"binary-expr","locations":[{"start":{"line":57,"column":11},"end":{"line":57,"column":16}},{"start":{"line":57,"column":20},"end":{"line":57,"column":25}}],"line":57},"7":{"loc":{"start":{"line":58,"column":12},"end":{"line":60,"column":13}},"type":"if","locations":[{"start":{"line":58,"column":12},"end":{"line":60,"column":13}},{"start":{"line":58,"column":12},"end":{"line":60,"column":13}}],"line":58},"8":{"loc":{"start":{"line":61,"column":12},"end":{"line":63,"column":13}},"type":"if","locations":[{"start":{"line":61,"column":12},"end":{"line":63,"column":13}},{"start":{"line":61,"column":12},"end":{"line":63,"column":13}}],"line":61},"9":{"loc":{"start":{"line":65,"column":20},"end":{"line":65,"column":74}},"type":"cond-expr","locations":[{"start":{"line":65,"column":41},"end":{"line":65,"column":46}},{"start":{"line":65,"column":49},"end":{"line":65,"column":74}}],"line":65},"10":{"loc":{"start":{"line":92,"column":12},"end":{"line":99,"column":13}},"type":"if","locations":[{"start":{"line":92,"column":12},"end":{"line":99,"column":13}},{"start":{"line":92,"column":12},"end":{"line":99,"column":13}}],"line":92},"11":{"loc":{"start":{"line":94,"column":18},"end":{"line":99,"column":13}},"type":"if","locations":[{"start":{"line":94,"column":18},"end":{"line":99,"column":13}},{"start":{"line":94,"column":18},"end":{"line":99,"column":13}}],"line":94},"12":{"loc":{"start":{"line":125,"column":8},"end":{"line":127,"column":9}},"type":"if","locations":[{"start":{"line":125,"column":8},"end":{"line":127,"column":9}},{"start":{"line":125,"column":8},"end":{"line":127,"column":9}}],"line":125}},"s":{"0":1,"1":1,"2":1,"3":1,"4":35,"5":34,"6":34,"7":1,"8":19,"9":18,"10":18,"11":1,"12":32,"13":32,"14":32,"15":32,"16":84,"17":84,"18":84,"19":32,"20":1,"21":42,"22":1,"23":41,"24":1,"25":41,"26":1,"27":40,"28":1,"29":89,"30":4,"31":85,"32":1,"33":5,"34":1,"35":4,"36":1,"37":36,"38":36,"39":36,"40":36,"41":32,"42":20,"43":32,"44":12,"45":4,"46":36,"47":36,"48":1,"49":53,"50":53,"51":53,"52":53,"53":57,"54":53,"55":1,"56":9,"57":10,"58":1,"59":25,"60":26,"61":1,"62":5,"63":5,"64":1,"65":4,"66":1,"67":3,"68":3,"69":1,"70":7,"71":8,"72":1,"73":7,"74":8,"75":1,"76":2,"77":2,"78":2,"79":2,"80":2,"81":2,"82":2,"83":1,"84":4,"85":3,"86":1,"87":1,"88":1,"89":1},"f":{"0":1,"1":35,"2":19,"3":32,"4":42,"5":41,"6":89,"7":5,"8":36,"9":53,"10":9,"11":10,"12":25,"13":26,"14":5,"15":5,"16":7,"17":8,"18":7,"19":8,"20":2,"21":4},"b":{"0":[1,41],"1":[1,40],"2":[4,85],"3":[1,4],"4":[4,2],"5":[32,4],"6":[36,16],"7":[20,12],"8":[12,20],"9":[2,2],"10":[1,4],"11":[1,3],"12":[3,1]},"_coverageSchema":"1a1c01bbd47fc00a2c39e90264f33305004495a9","hash":"b25fe3ff46f4b8681d12246aec3eea710e34b365"}
}
