TN:
SF:common\util.js
FN:1,(anonymous_0)
FN:5,(anonymous_1)
FN:10,(anonymous_2)
FN:16,(anonymous_3)
FN:27,(anonymous_4)
FN:33,(anonymous_5)
FN:40,(anonymous_6)
FN:46,(anonymous_7)
FN:53,(anonymous_8)
FN:70,(anonymous_9)
FN:80,(anonymous_10)
FN:81,(anonymous_11)
FN:85,(anonymous_12)
FN:86,(anonymous_13)
FN:90,(anonymous_14)
FN:91,(anonymous_15)
FN:103,(anonymous_16)
FN:104,(anonymous_17)
FN:108,(anonymous_18)
FN:109,(anonymous_19)
FN:114,(anonymous_20)
FN:124,(anonymous_21)
FNF:22
FNH:22
FNDA:1,(anonymous_0)
FNDA:35,(anonymous_1)
FNDA:19,(anonymous_2)
FNDA:32,(anonymous_3)
FNDA:42,(anonymous_4)
FNDA:41,(anonymous_5)
FNDA:89,(anonymous_6)
FNDA:5,(anonymous_7)
FNDA:36,(anonymous_8)
FNDA:53,(anonymous_9)
FNDA:9,(anonymous_10)
FNDA:10,(anonymous_11)
FNDA:25,(anonymous_12)
FNDA:26,(anonymous_13)
FNDA:5,(anonymous_14)
FNDA:5,(anonymous_15)
FNDA:7,(anonymous_16)
FNDA:8,(anonymous_17)
FNDA:7,(anonymous_18)
FNDA:8,(anonymous_19)
FNDA:2,(anonymous_20)
FNDA:4,(anonymous_21)
DA:1,1
DA:2,1
DA:3,1
DA:5,1
DA:6,35
DA:7,34
DA:8,34
DA:10,1
DA:11,19
DA:12,18
DA:13,18
DA:16,1
DA:17,32
DA:18,32
DA:19,32
DA:20,84
DA:21,84
DA:22,84
DA:24,32
DA:27,1
DA:28,42
DA:29,1
DA:31,41
DA:33,1
DA:34,41
DA:35,1
DA:37,40
DA:40,1
DA:41,89
DA:42,4
DA:44,85
DA:46,1
DA:47,5
DA:48,1
DA:51,4
DA:53,1
DA:54,36
DA:55,36
DA:56,36
DA:57,36
DA:58,32
DA:59,20
DA:61,32
DA:62,12
DA:65,4
DA:67,36
DA:68,36
DA:70,1
DA:71,53
DA:72,53
DA:73,53
DA:75,57
DA:77,53
DA:80,1
DA:81,9
DA:82,10
DA:85,1
DA:86,25
DA:87,26
DA:90,1
DA:91,5
DA:92,5
DA:93,1
DA:94,4
DA:95,1
DA:97,3
DA:98,3
DA:103,1
DA:104,7
DA:105,8
DA:108,1
DA:109,7
DA:110,8
DA:114,1
DA:115,2
DA:116,2
DA:117,2
DA:118,2
DA:119,2
DA:120,2
DA:121,2
DA:124,1
DA:125,4
DA:126,3
DA:128,1
DA:129,1
DA:130,1
DA:131,1
LF:88
LH:88
BRDA:28,0,0,1
BRDA:28,0,1,41
BRDA:34,1,0,1
BRDA:34,1,1,40
BRDA:41,2,0,4
BRDA:41,2,1,85
BRDA:47,3,0,1
BRDA:47,3,1,4
BRDA:51,4,0,4
BRDA:51,4,1,2
BRDA:57,5,0,32
BRDA:57,5,1,4
BRDA:57,6,0,36
BRDA:57,6,1,16
BRDA:58,7,0,20
BRDA:58,7,1,12
BRDA:61,8,0,12
BRDA:61,8,1,20
BRDA:65,9,0,2
BRDA:65,9,1,2
BRDA:92,10,0,1
BRDA:92,10,1,4
BRDA:94,11,0,1
BRDA:94,11,1,3
BRDA:125,12,0,3
BRDA:125,12,1,1
BRF:26
BRH:26
end_of_record
